2025-06-11 21:57:48,339 - INFO - FFmpeg verificado com sucesso
2025-06-11 21:57:48,366 - INFO - Interface iniciada com sucesso
2025-06-11 21:57:55,610 - INFO - Arquivo validado: CHEGOU A RX 9060XT 16GB, A MELHOR CUSTO BENEFÍCIO DA AMD ATÉ AGORA!. (MELHOR QUE 5060TI).mp4, Hash: 89343fbb18ad69f4...
2025-06-11 21:57:55,610 - INFO - Arquivo aceito: CHEGOU A RX 9060XT 16GB, A MELHOR CUSTO BENEFÍCIO DA AMD ATÉ AGORA!. (MELHOR QUE 5060TI).mp4
2025-06-11 21:57:59,054 - INFO - Arquivo validado: CHEGOU A RX 9060XT 16GB, A MELHOR CUSTO BENEFÍCIO DA AMD ATÉ AGORA!. (MELHOR QUE 5060TI).mp4, Hash: 89343fbb18ad69f4...
2025-06-11 21:57:59,055 - WARNING - Caractere perigoso detectado: ( em C:/Users/jbrun/Videos/CHEGOU A RX 9060XT 16GB, A MELHOR CUSTO BENEFÍCIO DA AMD ATÉ AGORA!. (MELHOR QUE 5060TI).mp4
2025-06-11 21:57:59,055 - WARNING - Caractere perigoso detectado: ) em C:/Users/jbrun/Videos/CHEGOU A RX 9060XT 16GB, A MELHOR CUSTO BENEFÍCIO DA AMD ATÉ AGORA!. _MELHOR QUE 5060TI).mp4
2025-06-11 21:57:59,056 - WARNING - Caractere perigoso detectado: ( em C:/Users/jbrun/Videos\CHEGOU A RX 9060XT 16GB, A MELHOR CUSTO BENEFÍCIO DA AMD ATÉ AGORA!. (MELHOR QUE 5060TI)_limpo.mp4
2025-06-11 21:57:59,056 - WARNING - Caractere perigoso detectado: ) em C:/Users/jbrun/Videos\CHEGOU A RX 9060XT 16GB, A MELHOR CUSTO BENEFÍCIO DA AMD ATÉ AGORA!. _MELHOR QUE 5060TI)_limpo.mp4
2025-06-11 21:57:59,056 - WARNING - Caractere perigoso detectado: \ em C:/Users/jbrun/Videos\CHEGOU A RX 9060XT 16GB, A MELHOR CUSTO BENEFÍCIO DA AMD ATÉ AGORA!. _MELHOR QUE 5060TI__limpo.mp4
2025-06-11 21:57:59,146 - INFO - Iniciando limpeza: CHEGOU A RX 9060XT 16GB, A MELHOR CUSTO BENEFÍCIO DA AMD ATÉ AGORA!. (MELHOR QUE 5060TI).mp4 (Hash: 89343fbb18ad69f4...)
2025-06-11 21:57:59,173 - ERROR - Erro FFmpeg: ffmpeg version 7.1.1-essentials_build-www.gyan.dev Copyright (c) 2000-2025 the FFmpeg developers
  built with gcc 14.2.0 (Rev1, Built by MSYS2 project)
  configuration: --enable-gpl --enable-version3 --enable-static --disable-w32threads --disable-autodetect --enable-fontconfig --enable-iconv --enable-gnutls --enable-libxml2 --enable-gmp --enable-bzlib --enable-lzma --enable-zlib --enable-libsrt --enable-libssh --enable-libzmq --enable-avisynth --enable-sdl2 --enable-libwebp --enable-libx264 --enable-libx265 --enable-libxvid --enable-libaom --enable-libopenjpeg --enable-libvpx --enable-mediafoundation --enable-libass --enable-libfreetype --enable-libfribidi --enable-libharfbuzz --enable-libvidstab --enable-libvmaf --enable-libzimg --enable-amf --enable-cuda-llvm --enable-cuvid --enable-dxva2 --enable-d3d11va --enable-d3d12va --enable-ffnvcodec --enable-libvpl --enable-nvdec --enable-nvenc --enable-vaapi --enable-libgme --enable-libopenmpt --enable-libopencore-amrwb --enable-libmp3lame --enable-libtheora --enable-libvo-amrwbenc --enable-libgsm --enable-libopencore-amrnb --enable-libopus --enable-libspeex --enable-libvorbis --enable-librubberband
  libavutil      59. 39.100 / 59. 39.100
  libavcodec     61. 19.101 / 61. 19.101
  libavformat    61.  7.100 / 61.  7.100
  libavdevice    61.  3.100 / 61.  3.100
  libavfilter    10.  4.100 / 10.  4.100
  libswscale      8.  3.100 /  8.  3.100
  libswresample   5.  3.100 /  5.  3.100
  libpostproc    58.  3.100 / 58.  3.100
[in#0 @ 000001f310892940] Error opening input: No such file or directory
Error opening input file C:/Users/jbrun/Videos/CHEGOU A RX 9060XT 16GB, A MELHOR CUSTO BENEFÍCIO DA AMD ATÉ AGORA!. _MELHOR QUE 5060TI_.mp4.
Error opening input files: No such file or directory

2025-06-11 21:58:13,212 - INFO - Arquivo validado: CHEGOU A RX 9060XT 16GB, A MELHOR CUSTO BENEFÍCIO DA AMD ATÉ AGORA!. (MELHOR QUE 5060TI).mp4, Hash: 89343fbb18ad69f4...
2025-06-11 21:58:13,213 - WARNING - Caractere perigoso detectado: ( em C:/Users/jbrun/Videos/CHEGOU A RX 9060XT 16GB, A MELHOR CUSTO BENEFÍCIO DA AMD ATÉ AGORA!. (MELHOR QUE 5060TI).mp4
2025-06-11 21:58:13,213 - WARNING - Caractere perigoso detectado: ) em C:/Users/jbrun/Videos/CHEGOU A RX 9060XT 16GB, A MELHOR CUSTO BENEFÍCIO DA AMD ATÉ AGORA!. _MELHOR QUE 5060TI).mp4
2025-06-11 21:58:13,213 - WARNING - Caractere perigoso detectado: ( em C:/Users/jbrun/Desktop\CHEGOU A RX 9060XT 16GB, A MELHOR CUSTO BENEFÍCIO DA AMD ATÉ AGORA!. (MELHOR QUE 5060TI)_limpo.mp4
2025-06-11 21:58:13,213 - WARNING - Caractere perigoso detectado: ) em C:/Users/jbrun/Desktop\CHEGOU A RX 9060XT 16GB, A MELHOR CUSTO BENEFÍCIO DA AMD ATÉ AGORA!. _MELHOR QUE 5060TI)_limpo.mp4
2025-06-11 21:58:13,213 - WARNING - Caractere perigoso detectado: \ em C:/Users/jbrun/Desktop\CHEGOU A RX 9060XT 16GB, A MELHOR CUSTO BENEFÍCIO DA AMD ATÉ AGORA!. _MELHOR QUE 5060TI__limpo.mp4
2025-06-11 21:58:13,303 - INFO - Iniciando limpeza: CHEGOU A RX 9060XT 16GB, A MELHOR CUSTO BENEFÍCIO DA AMD ATÉ AGORA!. (MELHOR QUE 5060TI).mp4 (Hash: 89343fbb18ad69f4...)
2025-06-11 21:58:13,329 - ERROR - Erro FFmpeg: ffmpeg version 7.1.1-essentials_build-www.gyan.dev Copyright (c) 2000-2025 the FFmpeg developers
  built with gcc 14.2.0 (Rev1, Built by MSYS2 project)
  configuration: --enable-gpl --enable-version3 --enable-static --disable-w32threads --disable-autodetect --enable-fontconfig --enable-iconv --enable-gnutls --enable-libxml2 --enable-gmp --enable-bzlib --enable-lzma --enable-zlib --enable-libsrt --enable-libssh --enable-libzmq --enable-avisynth --enable-sdl2 --enable-libwebp --enable-libx264 --enable-libx265 --enable-libxvid --enable-libaom --enable-libopenjpeg --enable-libvpx --enable-mediafoundation --enable-libass --enable-libfreetype --enable-libfribidi --enable-libharfbuzz --enable-libvidstab --enable-libvmaf --enable-libzimg --enable-amf --enable-cuda-llvm --enable-cuvid --enable-dxva2 --enable-d3d11va --enable-d3d12va --enable-ffnvcodec --enable-libvpl --enable-nvdec --enable-nvenc --enable-vaapi --enable-libgme --enable-libopenmpt --enable-libopencore-amrwb --enable-libmp3lame --enable-libtheora --enable-libvo-amrwbenc --enable-libgsm --enable-libopencore-amrnb --enable-libopus --enable-libspeex --enable-libvorbis --enable-librubberband
  libavutil      59. 39.100 / 59. 39.100
  libavcodec     61. 19.101 / 61. 19.101
  libavformat    61.  7.100 / 61.  7.100
  libavdevice    61.  3.100 / 61.  3.100
  libavfilter    10.  4.100 / 10.  4.100
  libswscale      8.  3.100 /  8.  3.100
  libswresample   5.  3.100 /  5.  3.100
  libpostproc    58.  3.100 / 58.  3.100
[in#0 @ 0000022f74112940] Error opening input: No such file or directory
Error opening input file C:/Users/jbrun/Videos/CHEGOU A RX 9060XT 16GB, A MELHOR CUSTO BENEFÍCIO DA AMD ATÉ AGORA!. _MELHOR QUE 5060TI_.mp4.
Error opening input files: No such file or directory

